[INFO] 13-07-2023 00:56:13 [main] LogUtils - Ph√∫c
[INFO] 15-07-2023 00:00:48 [main] LogUtils - Ph√∫c
[INFO] 15-07-2023 00:01:10 [main] LogUtils - Ph√∫c
[INFO] 15-07-2023 00:02:17 [main] LogUtils - Ph√∫c
[INFO] 15-07-2023 00:03:00 [main] LogUtils - Ph√∫c
[INFO] 15-07-2023 00:03:16 [main] LogUtils - Ph√∫c
[INFO] 15-07-2023 00:13:51 [main] LogUtils - Running test case loginPageSuccess
[INFO] 15-07-2023 00:13:51 [main] LogUtils - Ph√∫c
[INFO] 15-07-2023 00:14:07 [main] LogUtils - Test case loginPageSuccess is passed.
[INFO] 15-07-2023 00:14:09 [main] LogUtils - Running test case loginPageSuccess1
[INFO] 15-07-2023 00:14:09 [main] LogUtils - Ph√∫c
[INFO] 15-07-2023 00:14:25 [main] LogUtils - Test case loginPageSuccess1 is passed.
[INFO] 15-07-2023 00:14:26 [main] LogUtils - End testing Test
[INFO] 15-07-2023 00:15:11 [TestNG-test=Login test chorme-2] LogUtils - Running test case loginPageSuccess1
[INFO] 15-07-2023 00:15:11 [TestNG-test=Login test chorme-1] LogUtils - Running test case loginPageSuccess
[INFO] 15-07-2023 00:15:11 [TestNG-test=Login test chorme-2] LogUtils - Ph√∫c
[INFO] 15-07-2023 00:15:11 [TestNG-test=Login test chorme-1] LogUtils - Ph√∫c
[INFO] 15-07-2023 00:15:28 [TestNG-test=Login test chorme-1] LogUtils - Test case loginPageSuccess is passed.
[INFO] 15-07-2023 00:15:28 [TestNG-test=Login test chorme-2] LogUtils - Test case loginPageSuccess1 is passed.
[INFO] 15-07-2023 00:15:30 [main] LogUtils - End testing Login test chorme
[INFO] 16-07-2023 23:08:14 [main] LogUtils - Running test case loginPageSuccess
[INFO] 16-07-2023 23:08:15 [main] LogUtils - Ph√∫c
[INFO] 16-07-2023 23:10:03 [main] LogUtils - Test case loginPageSuccess is passed.
[INFO] 16-07-2023 23:10:05 [main] LogUtils - Running test case loginPageSuccess1
[INFO] 16-07-2023 23:10:05 [main] LogUtils - Ph√∫c
[ERROR] 16-07-2023 23:10:07 [main] LogUtils - Test case loginPageSuccess1 is failed.
[ERROR] 16-07-2023 23:10:07 [main] LogUtils - org.openqa.selenium.NoSuchWindowException: no such window: target window already closed
from unknown error: web view not found
  (Session info: chrome=114.0.5735.199)
Build info: version: '4.9.0', revision: 'd7057100a6'
System info: os.name: 'Windows 10', os.arch: 'amd64', os.version: '10.0', java.version: '15.0.2'
Driver info: org.openqa.selenium.chrome.ChromeDriver
Command: [0de462289ce99cbe3163a7fd5d06147e, executeScript {script=return document.readyState, args=[]}]
Capabilities {acceptInsecureCerts: false, browserName: chrome, browserVersion: 114.0.5735.199, chrome: {chromedriverVersion: 114.0.5735.90 (386bc09e8f4f..., userDataDir: C:\Users\Onlap.vn\AppData\L...}, goog:chromeOptions: {debuggerAddress: localhost:52733}, networkConnectionEnabled: false, pageLoadStrategy: normal, platformName: WINDOWS, proxy: Proxy(), se:cdp: ws://localhost:52733/devtoo..., se:cdpVersion: 114.0.5735.199, setWindowRect: true, strictFileInteractability: false, timeouts: {implicit: 0, pageLoad: 300000, script: 30000}, unhandledPromptBehavior: dismiss and notify, webauthn:extension:credBlob: true, webauthn:extension:largeBlob: true, webauthn:extension:minPinLength: true, webauthn:extension:prf: true, webauthn:virtualAuthenticators: true}
Session ID: 0de462289ce99cbe3163a7fd5d06147e
[ERROR] 16-07-2023 23:10:07 [main] LogUtils - Test case loginPageSuccess1 is failed.
[ERROR] 16-07-2023 23:10:07 [main] LogUtils - org.openqa.selenium.NoSuchWindowException: no such window: target window already closed
from unknown error: web view not found
  (Session info: chrome=114.0.5735.199)
Build info: version: '4.9.0', revision: 'd7057100a6'
System info: os.name: 'Windows 10', os.arch: 'amd64', os.version: '10.0', java.version: '15.0.2'
Driver info: org.openqa.selenium.chrome.ChromeDriver
Command: [0de462289ce99cbe3163a7fd5d06147e, screenshot {}]
Capabilities {acceptInsecureCerts: false, browserName: chrome, browserVersion: 114.0.5735.199, chrome: {chromedriverVersion: 114.0.5735.90 (386bc09e8f4f..., userDataDir: C:\Users\Onlap.vn\AppData\L...}, goog:chromeOptions: {debuggerAddress: localhost:52733}, networkConnectionEnabled: false, pageLoadStrategy: normal, platformName: WINDOWS, proxy: Proxy(), se:cdp: ws://localhost:52733/devtoo..., se:cdpVersion: 114.0.5735.199, setWindowRect: true, strictFileInteractability: false, timeouts: {implicit: 0, pageLoad: 300000, script: 30000}, unhandledPromptBehavior: dismiss and notify, webauthn:extension:credBlob: true, webauthn:extension:largeBlob: true, webauthn:extension:minPinLength: true, webauthn:extension:prf: true, webauthn:virtualAuthenticators: true}
Session ID: 0de462289ce99cbe3163a7fd5d06147e
[INFO] 16-07-2023 23:10:07 [main] LogUtils - End testing SeleniumTestNGParallel
[INFO] 17-07-2023 00:06:10 [main] LogUtils - Running test case loginPageSuccess
[INFO] 17-07-2023 00:06:10 [main] LogUtils - Ph√∫c
[INFO] 17-07-2023 00:06:26 [main] LogUtils - Test case loginPageSuccess is passed.
[INFO] 17-07-2023 00:06:28 [main] LogUtils - End testing SeleniumTestNGParallel
[INFO] 17-07-2023 22:37:18 [main] LogUtils - Running test case loginPageSuccess
[INFO] 17-07-2023 22:37:19 [main] LogUtils - Ph√∫c
[ERROR] 17-07-2023 22:38:00 [main] LogUtils - Test case loginPageSuccess is failed.
[ERROR] 17-07-2023 22:38:00 [main] LogUtils - org.openqa.selenium.NoSuchWindowException: no such window: target window already closed
from unknown error: web view not found
  (Session info: chrome=114.0.5735.199)
Build info: version: '4.9.0', revision: 'd7057100a6'
System info: os.name: 'Windows 10', os.arch: 'amd64', os.version: '10.0', java.version: '15.0.2'
Driver info: org.openqa.selenium.chrome.ChromeDriver
Command: [9e6ed3649e2fb94170b0dbab33cac463, executeScript {script=return document.readyState, args=[]}]
Capabilities {acceptInsecureCerts: false, browserName: chrome, browserVersion: 114.0.5735.199, chrome: {chromedriverVersion: 114.0.5735.90 (386bc09e8f4f..., userDataDir: C:\Users\Onlap.vn\AppData\L...}, goog:chromeOptions: {debuggerAddress: localhost:57102}, networkConnectionEnabled: false, pageLoadStrategy: normal, platformName: WINDOWS, proxy: Proxy(), se:cdp: ws://localhost:57102/devtoo..., se:cdpVersion: 114.0.5735.199, setWindowRect: true, strictFileInteractability: false, timeouts: {implicit: 0, pageLoad: 300000, script: 30000}, unhandledPromptBehavior: dismiss and notify, webauthn:extension:credBlob: true, webauthn:extension:largeBlob: true, webauthn:extension:minPinLength: true, webauthn:extension:prf: true, webauthn:virtualAuthenticators: true}
Session ID: 9e6ed3649e2fb94170b0dbab33cac463
[ERROR] 17-07-2023 22:38:01 [main] LogUtils - Test case loginPageSuccess is failed.
[ERROR] 17-07-2023 22:38:01 [main] LogUtils - org.openqa.selenium.NoSuchWindowException: no such window: target window already closed
from unknown error: web view not found
  (Session info: chrome=114.0.5735.199)
Build info: version: '4.9.0', revision: 'd7057100a6'
System info: os.name: 'Windows 10', os.arch: 'amd64', os.version: '10.0', java.version: '15.0.2'
Driver info: org.openqa.selenium.chrome.ChromeDriver
Command: [9e6ed3649e2fb94170b0dbab33cac463, screenshot {}]
Capabilities {acceptInsecureCerts: false, browserName: chrome, browserVersion: 114.0.5735.199, chrome: {chromedriverVersion: 114.0.5735.90 (386bc09e8f4f..., userDataDir: C:\Users\Onlap.vn\AppData\L...}, goog:chromeOptions: {debuggerAddress: localhost:57102}, networkConnectionEnabled: false, pageLoadStrategy: normal, platformName: WINDOWS, proxy: Proxy(), se:cdp: ws://localhost:57102/devtoo..., se:cdpVersion: 114.0.5735.199, setWindowRect: true, strictFileInteractability: false, timeouts: {implicit: 0, pageLoad: 300000, script: 30000}, unhandledPromptBehavior: dismiss and notify, webauthn:extension:credBlob: true, webauthn:extension:largeBlob: true, webauthn:extension:minPinLength: true, webauthn:extension:prf: true, webauthn:virtualAuthenticators: true}
Session ID: 9e6ed3649e2fb94170b0dbab33cac463
[INFO] 17-07-2023 22:38:01 [main] LogUtils - End testing SeleniumTestNGParallel
[INFO] 17-07-2023 22:38:39 [main] LogUtils - Running test case loginPageSuccess
[INFO] 17-07-2023 22:38:39 [main] LogUtils - Ph√∫c
[INFO] 17-07-2023 22:38:56 [main] LogUtils - Test case loginPageSuccess is passed.
[INFO] 17-07-2023 22:38:59 [main] LogUtils - Running test case loginPageSuccess1
[INFO] 17-07-2023 22:38:59 [main] LogUtils - Ph√∫c
[INFO] 17-07-2023 22:39:17 [main] LogUtils - Test case loginPageSuccess1 is passed.
[INFO] 17-07-2023 22:39:18 [main] LogUtils - End testing SeleniumTestNGParallel
[INFO] 17-07-2023 22:43:55 [TestNG-test=Login test chorme-2] LogUtils - Running test case loginPageSuccess1
[INFO] 17-07-2023 22:43:55 [TestNG-test=Login test chorme-1] LogUtils - Running test case loginPageSuccess
[INFO] 17-07-2023 22:43:56 [TestNG-test=Login test chorme-2] LogUtils - Ph√∫c
[INFO] 17-07-2023 22:43:56 [TestNG-test=Login test chorme-1] LogUtils - Ph√∫c
[INFO] 17-07-2023 22:44:50 [TestNG-test=Login test chorme-2] LogUtils - Test case loginPageSuccess1 is passed.
[INFO] 17-07-2023 22:44:50 [TestNG-test=Login test chorme-1] LogUtils - Test case loginPageSuccess is passed.
[INFO] 17-07-2023 22:44:51 [main] LogUtils - End testing Login test chorme
[INFO] 17-07-2023 22:51:26 [TestNG-test=Login test chorme-2] LogUtils - Running test case loginPageSuccess1
[INFO] 17-07-2023 22:51:26 [TestNG-test=Login test chorme-1] LogUtils - Running test case loginPageSuccess
[INFO] 17-07-2023 22:51:27 [TestNG-test=Login test chorme-2] LogUtils - Ph√∫c
[INFO] 17-07-2023 22:51:27 [TestNG-test=Login test chorme-1] LogUtils - Ph√∫c
[INFO] 17-07-2023 22:51:50 [TestNG-test=Login test chorme-1] LogUtils - Test case loginPageSuccess is passed.
[INFO] 17-07-2023 22:51:56 [TestNG-test=Login test chorme-2] LogUtils - Test case loginPageSuccess1 is passed.
[INFO] 17-07-2023 22:51:56 [main] LogUtils - End testing Login test chorme
[INFO] 17-07-2023 22:55:16 [TestNG-test=Login test chorme-1] LogUtils - Running test case loginPageSuccess
[INFO] 17-07-2023 22:55:16 [TestNG-test=Login test chorme-2] LogUtils - Running test case loginPageSuccess1
[INFO] 17-07-2023 22:55:16 [TestNG-test=Login test chorme-1] LogUtils - Ph√∫c
[INFO] 17-07-2023 22:55:16 [TestNG-test=Login test chorme-2] LogUtils - Ph√∫c
[ERROR] 17-07-2023 22:55:28 [TestNG-test=Login test chorme-2] LogUtils - Test case loginPageSuccess1 is failed.
[ERROR] 17-07-2023 22:55:28 [TestNG-test=Login test chorme-2] LogUtils - org.openqa.selenium.TimeoutException: Expected condition failed: waiting for visibility of element located by By.xpath: //input[@id='emai'] (tried for 10 second(s) with 500 milliseconds interval)
Build info: version: '4.9.0', revision: 'd7057100a6'
System info: os.name: 'Windows 10', os.arch: 'amd64', os.version: '10.0', java.version: '15.0.2'
Driver info: org.openqa.selenium.chrome.ChromeDriver
Capabilities {acceptInsecureCerts: false, browserName: chrome, browserVersion: 114.0.5735.199, chrome: {chromedriverVersion: 114.0.5735.90 (386bc09e8f4f..., userDataDir: C:\Users\Onlap.vn\AppData\L...}, goog:chromeOptions: {debuggerAddress: localhost:58241}, networkConnectionEnabled: false, pageLoadStrategy: normal, platformName: WINDOWS, proxy: Proxy(), se:cdp: ws://localhost:58241/devtoo..., se:cdpVersion: 114.0.5735.199, setWindowRect: true, strictFileInteractability: false, timeouts: {implicit: 0, pageLoad: 300000, script: 30000}, unhandledPromptBehavior: dismiss and notify, webauthn:extension:credBlob: true, webauthn:extension:largeBlob: true, webauthn:extension:minPinLength: true, webauthn:extension:prf: true, webauthn:virtualAuthenticators: true}
Session ID: 570e53f42373a6ff872cd51d2c6187fe
[ERROR] 17-07-2023 22:55:28 [TestNG-test=Login test chorme-1] LogUtils - Test case loginPageSuccess is failed.
[ERROR] 17-07-2023 22:55:29 [TestNG-test=Login test chorme-1] LogUtils - org.openqa.selenium.TimeoutException: Expected condition failed: waiting for visibility of element located by By.xpath: //input[@id='emai'] (tried for 10 second(s) with 500 milliseconds interval)
Build info: version: '4.9.0', revision: 'd7057100a6'
System info: os.name: 'Windows 10', os.arch: 'amd64', os.version: '10.0', java.version: '15.0.2'
Driver info: org.openqa.selenium.chrome.ChromeDriver
Capabilities {acceptInsecureCerts: false, browserName: chrome, browserVersion: 114.0.5735.199, chrome: {chromedriverVersion: 114.0.5735.90 (386bc09e8f4f..., userDataDir: C:\Users\Onlap.vn\AppData\L...}, goog:chromeOptions: {debuggerAddress: localhost:58234}, networkConnectionEnabled: false, pageLoadStrategy: normal, platformName: WINDOWS, proxy: Proxy(), se:cdp: ws://localhost:58234/devtoo..., se:cdpVersion: 114.0.5735.199, setWindowRect: true, strictFileInteractability: false, timeouts: {implicit: 0, pageLoad: 300000, script: 30000}, unhandledPromptBehavior: dismiss and notify, webauthn:extension:credBlob: true, webauthn:extension:largeBlob: true, webauthn:extension:minPinLength: true, webauthn:extension:prf: true, webauthn:virtualAuthenticators: true}
Session ID: c2b95e513694682a09906e79ecc6e3b9
[INFO] 17-07-2023 22:55:29 [main] LogUtils - End testing Login test chorme
[INFO] 17-07-2023 23:21:56 [TestNG-test=Login test chorme-2] LogUtils - Running test case loginPageSuccess1
[INFO] 17-07-2023 23:21:56 [TestNG-test=Login test chorme-1] LogUtils - Running test case loginPageSuccess
[INFO] 17-07-2023 23:21:57 [TestNG-test=Login test chorme-2] LogUtils - Ph˙c
[INFO] 17-07-2023 23:21:57 [TestNG-test=Login test chorme-1] LogUtils - Ph˙c
[INFO] 17-07-2023 23:22:14 [TestNG-test=Login test chorme-1] LogUtils - Test case loginPageSuccess is passed.
[INFO] 17-07-2023 23:22:14 [TestNG-test=Login test chorme-2] LogUtils - Test case loginPageSuccess1 is passed.
[INFO] 17-07-2023 23:22:15 [main] LogUtils - End testing Login test chorme
[INFO] 17-07-2023 23:25:48 [TestNG-test=Login test chorme-2] LogUtils - Running test case loginPageSuccess1
[INFO] 17-07-2023 23:25:48 [TestNG-test=Login test chorme-1] LogUtils - Running test case loginPageSuccess
[INFO] 17-07-2023 23:25:49 [TestNG-test=Login test chorme-2] LogUtils - Ph˙c
[INFO] 17-07-2023 23:25:49 [TestNG-test=Login test chorme-1] LogUtils - Ph˙c
[INFO] 17-07-2023 23:26:05 [TestNG-test=Login test chorme-2] LogUtils - Test case loginPageSuccess1 is passed.
[INFO] 17-07-2023 23:26:05 [TestNG-test=Login test chorme-1] LogUtils - Test case loginPageSuccess is passed.
[INFO] 17-07-2023 23:26:06 [main] LogUtils - End testing Login test chorme
[INFO] 20-07-2023 00:11:20 [TestNG-PoolService-2] LogUtils - Running test case loginPageSuccess2
[INFO] 20-07-2023 00:11:20 [TestNG-PoolService-1] LogUtils - Running test case loginPageSuccess2
[INFO] 20-07-2023 00:11:20 [TestNG-PoolService-0] LogUtils - Running test case loginPageSuccess2
[ERROR] 20-07-2023 00:11:24 [TestNG-PoolService-2] LogUtils - Test case loginPageSuccess2 is failed.
[ERROR] 20-07-2023 00:11:24 [TestNG-PoolService-1] LogUtils - Test case loginPageSuccess2 is failed.
[ERROR] 20-07-2023 00:11:25 [TestNG-PoolService-1] LogUtils - java.lang.AssertionError: 
[ERROR] 20-07-2023 00:11:25 [TestNG-PoolService-2] LogUtils - java.lang.AssertionError: 
[INFO] 20-07-2023 00:11:37 [TestNG-PoolService-0] LogUtils - Test case loginPageSuccess2 is passed.
[INFO] 20-07-2023 00:11:38 [main] LogUtils - End testing SeleniumTestNGParallel
[ERROR] 20-07-2023 00:28:24 [main] LogUtils - Test case loginPageSuccess3 is failed.
[ERROR] 20-07-2023 00:28:24 [main] LogUtils - java.lang.RuntimeException: java.lang.RuntimeException: java.lang.NullPointerException: Cannot invoke "org.apache.poi.ss.usermodel.Cell.getCellType()" because "cell" is null
[INFO] 20-07-2023 00:28:25 [main] LogUtils - End testing SeleniumTestNGParallel
[ERROR] 20-07-2023 00:29:33 [main] LogUtils - Test case loginPageSuccess3 is failed.
[ERROR] 20-07-2023 00:29:33 [main] LogUtils - java.lang.RuntimeException: java.lang.RuntimeException: java.lang.NullPointerException: Cannot invoke "org.apache.poi.ss.usermodel.Cell.getCellType()" because "cell" is null
[INFO] 20-07-2023 00:29:34 [main] LogUtils - End testing SeleniumTestNGParallel
[INFO] 20-07-2023 00:30:23 [main] LogUtils - Running test case loginPageSuccess3
[ERROR] 20-07-2023 00:30:26 [main] LogUtils - Test case loginPageSuccess3 is failed.
[ERROR] 20-07-2023 00:30:27 [main] LogUtils - java.lang.AssertionError: 
[INFO] 20-07-2023 00:30:29 [main] LogUtils - Running test case loginPageSuccess3
[ERROR] 20-07-2023 00:30:31 [main] LogUtils - Test case loginPageSuccess3 is failed.
[ERROR] 20-07-2023 00:30:31 [main] LogUtils - java.lang.AssertionError: 
[INFO] 20-07-2023 00:30:32 [main] LogUtils - End testing SeleniumTestNGParallel
[INFO] 20-07-2023 00:31:20 [main] LogUtils - Running test case loginPageSuccess3
[INFO] 20-07-2023 00:31:35 [main] LogUtils - Test case loginPageSuccess3 is passed.
[INFO] 20-07-2023 00:31:37 [main] LogUtils - Running test case loginPageSuccess3
[ERROR] 20-07-2023 00:31:39 [main] LogUtils - Test case loginPageSuccess3 is failed.
[ERROR] 20-07-2023 00:31:39 [main] LogUtils - java.lang.AssertionError: 
[INFO] 20-07-2023 00:31:41 [main] LogUtils - End testing SeleniumTestNGParallel
[INFO] 20-07-2023 00:32:52 [TestNG-PoolService-0] LogUtils - Running test case loginPageSuccess3
[INFO] 20-07-2023 00:32:52 [TestNG-PoolService-1] LogUtils - Running test case loginPageSuccess3
[INFO] 20-07-2023 00:33:08 [TestNG-PoolService-0] LogUtils - Test case loginPageSuccess3 is passed.
[INFO] 20-07-2023 00:33:09 [TestNG-PoolService-1] LogUtils - Test case loginPageSuccess3 is passed.
[INFO] 20-07-2023 00:33:09 [main] LogUtils - End testing SeleniumTestNGParallel
[INFO] 24-07-2023 22:30:08 [TestNG-test=Login Test on Chrome-2] LogUtils - Running test case loginPageSuccess1
[INFO] 24-07-2023 22:30:08 [TestNG-test=Login Test on Chrome-1] LogUtils - Running test case loginPageSuccess
[INFO] 24-07-2023 22:30:08 [TestNG-PoolService-2] LogUtils - Running test case loginPageSuccess2
[INFO] 24-07-2023 22:30:08 [TestNG-PoolService-0] LogUtils - Running test case loginPageSuccess2
[INFO] 24-07-2023 22:30:08 [TestNG-PoolService-0] LogUtils - Running test case loginPageSuccess3
[INFO] 24-07-2023 22:30:08 [TestNG-PoolService-1] LogUtils - Running test case loginPageSuccess2
[INFO] 24-07-2023 22:30:08 [TestNG-PoolService-1] LogUtils - Running test case loginPageSuccess3
[INFO] 24-07-2023 22:30:09 [TestNG-test=Login Test on Chrome-2] LogUtils - Ph√∫c
[INFO] 24-07-2023 22:30:09 [TestNG-test=Login Test on Chrome-1] LogUtils - Ph√∫c
[ERROR] 24-07-2023 22:30:15 [TestNG-PoolService-1] LogUtils - Test case loginPageSuccess2 is failed.
[ERROR] 24-07-2023 22:30:15 [TestNG-PoolService-2] LogUtils - Test case loginPageSuccess2 is failed.
[ERROR] 24-07-2023 22:30:16 [TestNG-PoolService-2] LogUtils - java.lang.AssertionError: 
[ERROR] 24-07-2023 22:30:16 [TestNG-PoolService-1] LogUtils - java.lang.AssertionError: 
[INFO] 24-07-2023 22:30:29 [TestNG-PoolService-1] LogUtils - Test case loginPageSuccess3 is passed.
[INFO] 24-07-2023 22:30:29 [TestNG-PoolService-0] LogUtils - Test case loginPageSuccess2 is passed.
[INFO] 24-07-2023 22:30:30 [TestNG-test=Login Test on Chrome-2] LogUtils - Test case loginPageSuccess1 is passed.
[INFO] 24-07-2023 22:30:30 [TestNG-test=Login Test on Chrome-1] LogUtils - Test case loginPageSuccess is passed.
[INFO] 24-07-2023 22:31:07 [TestNG-PoolService-0] LogUtils - Test case loginPageSuccess3 is passed.
[INFO] 24-07-2023 22:31:07 [main] LogUtils - End testing Login Test on Chrome
[INFO] 24-07-2023 22:31:52 [TestNG-PoolService-0] LogUtils - Running test case loginPageSuccess2
[INFO] 24-07-2023 22:31:52 [TestNG-PoolService-2] LogUtils - Running test case loginPageSuccess2
[INFO] 24-07-2023 22:31:52 [TestNG-PoolService-1] LogUtils - Running test case loginPageSuccess3
[INFO] 24-07-2023 22:31:52 [TestNG-PoolService-1] LogUtils - Running test case loginPageSuccess2
[INFO] 24-07-2023 22:31:52 [TestNG-PoolService-0] LogUtils - Running test case loginPageSuccess3
[ERROR] 24-07-2023 22:31:57 [TestNG-PoolService-2] LogUtils - Test case loginPageSuccess2 is failed.
[ERROR] 24-07-2023 22:31:57 [TestNG-PoolService-1] LogUtils - Test case loginPageSuccess2 is failed.
[ERROR] 24-07-2023 22:31:57 [TestNG-PoolService-2] LogUtils - java.lang.AssertionError: 
[ERROR] 24-07-2023 22:31:57 [TestNG-PoolService-1] LogUtils - java.lang.AssertionError: 
[INFO] 24-07-2023 22:32:09 [TestNG-PoolService-0] LogUtils - Test case loginPageSuccess2 is passed.
[INFO] 24-07-2023 22:32:09 [TestNG-PoolService-1] LogUtils - Test case loginPageSuccess3 is passed.
[INFO] 24-07-2023 22:32:10 [TestNG-PoolService-0] LogUtils - Test case loginPageSuccess3 is passed.
[INFO] 24-07-2023 22:32:11 [main] LogUtils - End testing Login Test on Chrome
[INFO] 24-07-2023 22:39:22 [TestNG-test=Login Test on Chrome-1] LogUtils - Running test case loginPageSuccess
[INFO] 24-07-2023 22:39:23 [TestNG-test=Login Test on Chrome-1] LogUtils - Ph√∫c
[INFO] 24-07-2023 22:39:38 [TestNG-test=Login Test on Chrome-1] LogUtils - Test case loginPageSuccess is passed.
[INFO] 24-07-2023 22:39:39 [main] LogUtils - End testing Login Test on Chrome
[INFO] 25-07-2023 00:13:09 [TestNG-test=Login Test on Chrome-1] LogUtils - Running test case loginPageEmailInvalid
[INFO] 25-07-2023 00:13:10 [TestNG-test=Login Test on Chrome-1] LogUtils - Ph˙c
[INFO] 25-07-2023 00:13:14 [TestNG-test=Login Test on Chrome-1] LogUtils - Test case loginPageEmailInvalid is passed.
[INFO] 25-07-2023 00:13:15 [main] LogUtils - End testing Login Test on Chrome
[INFO] 25-07-2023 00:17:18 [TestNG-test=Login Test on Chrome-1] LogUtils - Running test case loginPageSuccess
[INFO] 25-07-2023 00:17:19 [TestNG-test=Login Test on Chrome-1] LogUtils - Ph˙c
[ERROR] 25-07-2023 00:17:25 [TestNG-test=Login Test on Chrome-1] LogUtils - Test case loginPageSuccess is failed.
[ERROR] 25-07-2023 00:17:25 [TestNG-test=Login Test on Chrome-1] LogUtils - java.lang.AssertionError: 
[INFO] 25-07-2023 00:17:27 [main] LogUtils - End testing Login Test on Chrome
[INFO] 25-07-2023 00:18:35 [TestNG-test=Login Test on Chrome-1] LogUtils - Running test case loginPageSuccess
[INFO] 25-07-2023 00:18:36 [TestNG-test=Login Test on Chrome-1] LogUtils - Ph˙c
[ERROR] 25-07-2023 00:18:40 [TestNG-test=Login Test on Chrome-1] LogUtils - Test case loginPageSuccess is failed.
[ERROR] 25-07-2023 00:18:40 [TestNG-test=Login Test on Chrome-1] LogUtils - java.lang.AssertionError: 
[INFO] 25-07-2023 00:18:41 [main] LogUtils - End testing Login Test on Chrome
[INFO] 25-07-2023 23:14:44 [main] LogUtils - Running test case addNewCustomer
[INFO] 25-07-2023 23:15:21 [main] LogUtils - Test case addNewCustomer is passed.
[INFO] 25-07-2023 23:15:22 [main] LogUtils - End testing SeleniumTestNGParallel
[INFO] 26-07-2023 15:42:37 [main] LogUtils - Running test case testUploadFile2
[INFO] 26-07-2023 15:42:49 [main] LogUtils - Test case testUploadFile2 is passed.
[INFO] 26-07-2023 15:42:50 [main] LogUtils - End testing SeleniumTestNGParallel
[INFO] 31-07-2023 23:53:03 [main] LogUtils - Running test case loginPageSuccess
[ERROR] 31-07-2023 23:53:08 [main] LogUtils - Test case loginPageSuccess is failed.
[ERROR] 31-07-2023 23:53:08 [main] LogUtils - java.lang.AssertionError: 
[INFO] 31-07-2023 23:53:10 [main] LogUtils - End testing demo.nopcommerce.com
[INFO] 01-08-2023 00:01:16 [main] LogUtils - Running test case loginPageSuccess
[ERROR] 01-08-2023 00:01:21 [main] LogUtils - Test case loginPageSuccess is failed.
[ERROR] 01-08-2023 00:01:21 [main] LogUtils - java.lang.AssertionError: Fail! Header is not match. expected [Admin area demoo] but found [Admin area demo]
[INFO] 01-08-2023 00:01:22 [main] LogUtils - End testing demo.nopcommerce.com
[INFO] 01-08-2023 00:04:52 [main] LogUtils - Running test case loginPageSuccess
[ERROR] 01-08-2023 00:04:59 [main] LogUtils - Test case loginPageSuccess is failed.
[ERROR] 01-08-2023 00:04:59 [main] LogUtils - java.lang.AssertionError: 
[INFO] 01-08-2023 00:05:00 [main] LogUtils - End testing demo.nopcommerce.com
[INFO] 01-08-2023 00:05:49 [main] LogUtils - Running test case loginPageSuccess
[ERROR] 01-08-2023 00:05:56 [main] LogUtils - Test case loginPageSuccess is failed.
[ERROR] 01-08-2023 00:05:56 [main] LogUtils - java.lang.AssertionError: 
[INFO] 01-08-2023 00:05:57 [main] LogUtils - End testing demo.nopcommerce.com
[INFO] 01-08-2023 00:07:10 [main] LogUtils - Running test case loginPageSuccess
[INFO] 01-08-2023 00:07:18 [main] LogUtils - Test case loginPageSuccess is passed.
[INFO] 01-08-2023 00:07:18 [main] LogUtils - End testing demo.nopcommerce.com
[INFO] 01-08-2023 00:09:13 [main] LogUtils - Running test case loginPageSuccess
[ERROR] 01-08-2023 00:09:20 [main] LogUtils - Test case loginPageSuccess is failed.
[ERROR] 01-08-2023 00:09:20 [main] LogUtils - java.lang.AssertionError: 
[INFO] 01-08-2023 00:09:21 [main] LogUtils - End testing demo.nopcommerce.com
[INFO] 01-08-2023 00:10:08 [main] LogUtils - Running test case loginPageSuccess
[ERROR] 01-08-2023 00:10:17 [main] LogUtils - Test case loginPageSuccess is failed.
[ERROR] 01-08-2023 00:10:17 [main] LogUtils - java.lang.AssertionError: 
[INFO] 01-08-2023 00:10:18 [main] LogUtils - End testing demo.nopcommerce.com
[INFO] 01-08-2023 00:11:31 [main] LogUtils - Running test case loginPageSuccess
[INFO] 01-08-2023 00:11:39 [main] LogUtils - Test case loginPageSuccess is passed.
[INFO] 01-08-2023 00:11:39 [main] LogUtils - End testing demo.nopcommerce.com
[INFO] 01-08-2023 00:17:27 [main] LogUtils - Running test case loginPageSuccess
[INFO] 01-08-2023 00:17:36 [main] LogUtils - Test case loginPageSuccess is passed.
[INFO] 01-08-2023 00:17:37 [main] LogUtils - End testing demo.nopcommerce.com
[INFO] 01-08-2023 00:52:45 [main] LogUtils - Running test case loginPageSuccess
[INFO] 01-08-2023 00:52:53 [main] LogUtils - Test case loginPageSuccess is passed.
[INFO] 01-08-2023 00:52:54 [main] LogUtils - End testing demo.nopcommerce.com
[INFO] 01-08-2023 00:59:20 [main] LogUtils - Running test case loginPageSuccess
[INFO] 01-08-2023 00:59:28 [main] LogUtils - Test case loginPageSuccess is passed.
[INFO] 01-08-2023 00:59:29 [main] LogUtils - End testing demo.nopcommerce.com
[INFO] 01-08-2023 00:59:51 [main] LogUtils - Running test case openMenuCatalog
[ERROR] 01-08-2023 00:59:58 [main] LogUtils - Test case openMenuCatalog is failed.
[ERROR] 01-08-2023 00:59:58 [main] LogUtils - java.lang.AssertionError: Fail! Page is not Dashboard. expected [https://admin-demo.nopcommerce.com/Admin] but found [https://admin-demo.nopcommerce.com/login?returnurl=%2Fadmin%2F]
[INFO] 01-08-2023 00:59:59 [main] LogUtils - End testing demo.nopcommerce.com
[INFO] 01-08-2023 01:00:41 [main] LogUtils - Running test case openMenuCatalog
[ERROR] 01-08-2023 01:00:49 [main] LogUtils - Test case openMenuCatalog is failed.
[ERROR] 01-08-2023 01:00:49 [main] LogUtils - java.lang.AssertionError: expected [true] but found [false]
[INFO] 01-08-2023 01:00:50 [main] LogUtils - End testing demo.nopcommerce.com
[INFO] 01-08-2023 01:02:03 [main] LogUtils - Running test case openMenuCatalog
[ERROR] 01-08-2023 01:02:10 [main] LogUtils - Test case openMenuCatalog is failed.
[ERROR] 01-08-2023 01:02:10 [main] LogUtils - java.lang.AssertionError: expected [true] but found [false]
[INFO] 01-08-2023 01:02:11 [main] LogUtils - End testing demo.nopcommerce.com
[INFO] 01-08-2023 01:02:51 [main] LogUtils - Running test case openMenuCatalog
[ERROR] 01-08-2023 01:03:18 [main] LogUtils - Test case openMenuCatalog is failed.
[ERROR] 01-08-2023 01:03:18 [main] LogUtils - org.openqa.selenium.TimeoutException: Expected condition failed: waiting for visibility of element located by By.xpath: //div[@class='content-header']//h1 (tried for 20 second(s) with 500 milliseconds interval)
Build info: version: '4.9.0', revision: 'd7057100a6'
System info: os.name: 'Windows 10', os.arch: 'amd64', os.version: '10.0', java.version: '15.0.2'
Driver info: org.openqa.selenium.chrome.ChromeDriver
Capabilities {acceptInsecureCerts: false, browserName: chrome, browserVersion: 115.0.5790.110, chrome: {chromedriverVersion: 114.0.5735.90 (386bc09e8f4f..., userDataDir: C:\Users\Admin\AppData\Loca...}, goog:chromeOptions: {debuggerAddress: localhost:59398}, networkConnectionEnabled: false, pageLoadStrategy: normal, platformName: WINDOWS, proxy: Proxy(), se:cdp: ws://localhost:59398/devtoo..., se:cdpVersion: 115.0.5790.110, setWindowRect: true, strictFileInteractability: false, timeouts: {implicit: 0, pageLoad: 300000, script: 30000}, unhandledPromptBehavior: dismiss and notify, webauthn:extension:credBlob: true, webauthn:extension:largeBlob: true, webauthn:extension:minPinLength: true, webauthn:extension:prf: true, webauthn:virtualAuthenticators: true}
Session ID: 5593e0d63a0e2aa9dc32bcca68f576ff
[INFO] 01-08-2023 01:03:19 [main] LogUtils - End testing demo.nopcommerce.com
[INFO] 01-08-2023 01:06:35 [main] LogUtils - Running test case openMenuCatalog
[ERROR] 01-08-2023 01:07:03 [main] LogUtils - Test case openMenuCatalog is failed.
[ERROR] 01-08-2023 01:07:03 [main] LogUtils - org.openqa.selenium.TimeoutException: Expected condition failed: waiting for visibility of element located by By.xpath: //div[@class='content-header']//h1 (tried for 20 second(s) with 500 milliseconds interval)
Build info: version: '4.9.0', revision: 'd7057100a6'
System info: os.name: 'Windows 10', os.arch: 'amd64', os.version: '10.0', java.version: '15.0.2'
Driver info: org.openqa.selenium.chrome.ChromeDriver
Capabilities {acceptInsecureCerts: false, browserName: chrome, browserVersion: 115.0.5790.110, chrome: {chromedriverVersion: 114.0.5735.90 (386bc09e8f4f..., userDataDir: C:\Users\Admin\AppData\Loca...}, goog:chromeOptions: {debuggerAddress: localhost:59569}, networkConnectionEnabled: false, pageLoadStrategy: normal, platformName: WINDOWS, proxy: Proxy(), se:cdp: ws://localhost:59569/devtoo..., se:cdpVersion: 115.0.5790.110, setWindowRect: true, strictFileInteractability: false, timeouts: {implicit: 0, pageLoad: 300000, script: 30000}, unhandledPromptBehavior: dismiss and notify, webauthn:extension:credBlob: true, webauthn:extension:largeBlob: true, webauthn:extension:minPinLength: true, webauthn:extension:prf: true, webauthn:virtualAuthenticators: true}
Session ID: 2e55e8d346a1c46535fc8d7d31f7d1fa
[INFO] 01-08-2023 01:07:04 [main] LogUtils - End testing demo.nopcommerce.com
[INFO] 01-08-2023 01:08:07 [main] LogUtils - Running test case openMenuCatalog
[ERROR] 01-08-2023 01:08:35 [main] LogUtils - Test case openMenuCatalog is failed.
[ERROR] 01-08-2023 01:08:35 [main] LogUtils - org.openqa.selenium.TimeoutException: Expected condition failed: waiting for visibility of element located by By.xpath: //p[normalize-space()='Catalog'] (tried for 20 second(s) with 500 milliseconds interval)
Build info: version: '4.9.0', revision: 'd7057100a6'
System info: os.name: 'Windows 10', os.arch: 'amd64', os.version: '10.0', java.version: '15.0.2'
Driver info: org.openqa.selenium.chrome.ChromeDriver
Capabilities {acceptInsecureCerts: false, browserName: chrome, browserVersion: 115.0.5790.110, chrome: {chromedriverVersion: 114.0.5735.90 (386bc09e8f4f..., userDataDir: C:\Users\Admin\AppData\Loca...}, goog:chromeOptions: {debuggerAddress: localhost:59671}, networkConnectionEnabled: false, pageLoadStrategy: normal, platformName: WINDOWS, proxy: Proxy(), se:cdp: ws://localhost:59671/devtoo..., se:cdpVersion: 115.0.5790.110, setWindowRect: true, strictFileInteractability: false, timeouts: {implicit: 0, pageLoad: 300000, script: 30000}, unhandledPromptBehavior: dismiss and notify, webauthn:extension:credBlob: true, webauthn:extension:largeBlob: true, webauthn:extension:minPinLength: true, webauthn:extension:prf: true, webauthn:virtualAuthenticators: true}
Session ID: b9fa36a8a88f2e84d409b12d74c3a37b
[INFO] 01-08-2023 01:08:36 [main] LogUtils - End testing demo.nopcommerce.com
[INFO] 01-08-2023 01:09:45 [main] LogUtils - Running test case openMenuCatalog
[INFO] 01-08-2023 01:10:08 [main] LogUtils - Test case openMenuCatalog is passed.
[INFO] 01-08-2023 01:10:08 [main] LogUtils - End testing demo.nopcommerce.com
[INFO] 01-08-2023 01:17:55 [main] LogUtils - Running test case testOpenMenuDashboad
[INFO] 01-08-2023 01:18:25 [main] LogUtils - Test case testOpenMenuDashboad is passed.
[INFO] 01-08-2023 01:18:25 [main] LogUtils - End testing demo.nopcommerce.com
[INFO] 01-08-2023 01:22:12 [main] LogUtils - Running test case openMenuCatalog
[ERROR] 01-08-2023 01:22:39 [main] LogUtils - Test case openMenuCatalog is failed.
[ERROR] 01-08-2023 01:22:40 [main] LogUtils - org.openqa.selenium.TimeoutException: Expected condition failed: waiting for visibility of element located by By.xpath: //p[normalize-space()='Catalog'] (tried for 20 second(s) with 500 milliseconds interval)
Build info: version: '4.9.0', revision: 'd7057100a6'
System info: os.name: 'Windows 10', os.arch: 'amd64', os.version: '10.0', java.version: '15.0.2'
Driver info: org.openqa.selenium.chrome.ChromeDriver
Capabilities {acceptInsecureCerts: false, browserName: chrome, browserVersion: 115.0.5790.110, chrome: {chromedriverVersion: 114.0.5735.90 (386bc09e8f4f..., userDataDir: C:\Users\Admin\AppData\Loca...}, goog:chromeOptions: {debuggerAddress: localhost:60429}, networkConnectionEnabled: false, pageLoadStrategy: normal, platformName: WINDOWS, proxy: Proxy(), se:cdp: ws://localhost:60429/devtoo..., se:cdpVersion: 115.0.5790.110, setWindowRect: true, strictFileInteractability: false, timeouts: {implicit: 0, pageLoad: 300000, script: 30000}, unhandledPromptBehavior: dismiss and notify, webauthn:extension:credBlob: true, webauthn:extension:largeBlob: true, webauthn:extension:minPinLength: true, webauthn:extension:prf: true, webauthn:virtualAuthenticators: true}
Session ID: 1ddf143a158ecc516fd04c32b6671c19
[INFO] 01-08-2023 01:22:41 [main] LogUtils - End testing demo.nopcommerce.com
[INFO] 01-08-2023 01:23:51 [main] LogUtils - Running test case openMenuCatalog
[ERROR] 01-08-2023 01:24:18 [main] LogUtils - Test case openMenuCatalog is failed.
[ERROR] 01-08-2023 01:24:18 [main] LogUtils - org.openqa.selenium.TimeoutException: Expected condition failed: waiting for visibility of element located by By.xpath: //p[normalize-space()='Catalog'] (tried for 20 second(s) with 500 milliseconds interval)
[ERROR] 01-08-2023 01:24:18 [main] LogUtils - Test case openMenuCatalog is failed.
[ERROR] 01-08-2023 01:24:18 [main] LogUtils - org.openqa.selenium.NoSuchWindowException: no such window: target window already closed
from unknown error: web view not found
  (Session info: chrome=115.0.5790.110)
Build info: version: '4.9.0', revision: 'd7057100a6'
System info: os.name: 'Windows 10', os.arch: 'amd64', os.version: '10.0', java.version: '15.0.2'
Driver info: org.openqa.selenium.chrome.ChromeDriver
Command: [abd0f38281f2f7dc635795100e650ec6, screenshot {}]
Capabilities {acceptInsecureCerts: false, browserName: chrome, browserVersion: 115.0.5790.110, chrome: {chromedriverVersion: 114.0.5735.90 (386bc09e8f4f..., userDataDir: C:\Users\Admin\AppData\Loca...}, goog:chromeOptions: {debuggerAddress: localhost:60543}, networkConnectionEnabled: false, pageLoadStrategy: normal, platformName: WINDOWS, proxy: Proxy(), se:cdp: ws://localhost:60543/devtoo..., se:cdpVersion: 115.0.5790.110, setWindowRect: true, strictFileInteractability: false, timeouts: {implicit: 0, pageLoad: 300000, script: 30000}, unhandledPromptBehavior: dismiss and notify, webauthn:extension:credBlob: true, webauthn:extension:largeBlob: true, webauthn:extension:minPinLength: true, webauthn:extension:prf: true, webauthn:virtualAuthenticators: true}
Session ID: abd0f38281f2f7dc635795100e650ec6
[INFO] 01-08-2023 01:24:18 [main] LogUtils - End testing demo.nopcommerce.com
[INFO] 01-08-2023 01:39:55 [main] LogUtils - Running test case openMenuCatalog
[ERROR] 01-08-2023 01:40:23 [main] LogUtils - Test case openMenuCatalog is failed.
[ERROR] 01-08-2023 01:40:23 [main] LogUtils - org.openqa.selenium.TimeoutException: Expected condition failed: waiting for visibility of element located by By.xpath: //p[normalize-space()='Catalog'] (tried for 20 second(s) with 500 milliseconds interval)
[ERROR] 01-08-2023 01:40:23 [main] LogUtils - Test case openMenuCatalog is failed.
[ERROR] 01-08-2023 01:40:23 [main] LogUtils - org.openqa.selenium.NoSuchWindowException: no such window: target window already closed
from unknown error: web view not found
  (Session info: chrome=115.0.5790.110)
Build info: version: '4.9.0', revision: 'd7057100a6'
System info: os.name: 'Windows 10', os.arch: 'amd64', os.version: '10.0', java.version: '15.0.2'
Driver info: org.openqa.selenium.chrome.ChromeDriver
Command: [030181da0c56ce107cc4de20cacddc4c, screenshot {}]
Capabilities {acceptInsecureCerts: false, browserName: chrome, browserVersion: 115.0.5790.110, chrome: {chromedriverVersion: 114.0.5735.90 (386bc09e8f4f..., userDataDir: C:\Users\Admin\AppData\Loca...}, goog:chromeOptions: {debuggerAddress: localhost:61179}, networkConnectionEnabled: false, pageLoadStrategy: normal, platformName: WINDOWS, proxy: Proxy(), se:cdp: ws://localhost:61179/devtoo..., se:cdpVersion: 115.0.5790.110, setWindowRect: true, strictFileInteractability: false, timeouts: {implicit: 0, pageLoad: 300000, script: 30000}, unhandledPromptBehavior: dismiss and notify, webauthn:extension:credBlob: true, webauthn:extension:largeBlob: true, webauthn:extension:minPinLength: true, webauthn:extension:prf: true, webauthn:virtualAuthenticators: true}
Session ID: 030181da0c56ce107cc4de20cacddc4c
[INFO] 01-08-2023 01:40:23 [main] LogUtils - End testing demo.nopcommerce.com
[INFO] 01-08-2023 01:42:04 [main] LogUtils - Running test case openMenuCatalog
[INFO] 01-08-2023 01:44:32 [main] LogUtils - Test case openMenuCatalog is passed.
[INFO] 01-08-2023 01:44:43 [main] LogUtils - Running test case openMenuCatalog
[ERROR] 01-08-2023 01:45:11 [main] LogUtils - Test case openMenuCatalog is failed.
[ERROR] 01-08-2023 01:45:11 [main] LogUtils - org.openqa.selenium.TimeoutException: Expected condition failed: waiting for visibility of element located by By.xpath: //div[@class='content-header']//h1 (tried for 20 second(s) with 500 milliseconds interval)
[ERROR] 01-08-2023 01:45:11 [main] LogUtils - Test case openMenuCatalog is failed.
[ERROR] 01-08-2023 01:45:11 [main] LogUtils - org.openqa.selenium.NoSuchWindowException: no such window: target window already closed
from unknown error: web view not found
  (Session info: chrome=115.0.5790.110)
Build info: version: '4.9.0', revision: 'd7057100a6'
System info: os.name: 'Windows 10', os.arch: 'amd64', os.version: '10.0', java.version: '15.0.2'
Driver info: org.openqa.selenium.chrome.ChromeDriver
Command: [b9a7711c1e8a618c30f3494c30d36c72, screenshot {}]
Capabilities {acceptInsecureCerts: false, browserName: chrome, browserVersion: 115.0.5790.110, chrome: {chromedriverVersion: 114.0.5735.90 (386bc09e8f4f..., userDataDir: C:\Users\Admin\AppData\Loca...}, goog:chromeOptions: {debuggerAddress: localhost:61449}, networkConnectionEnabled: false, pageLoadStrategy: normal, platformName: WINDOWS, proxy: Proxy(), se:cdp: ws://localhost:61449/devtoo..., se:cdpVersion: 115.0.5790.110, setWindowRect: true, strictFileInteractability: false, timeouts: {implicit: 0, pageLoad: 300000, script: 30000}, unhandledPromptBehavior: dismiss and notify, webauthn:extension:credBlob: true, webauthn:extension:largeBlob: true, webauthn:extension:minPinLength: true, webauthn:extension:prf: true, webauthn:virtualAuthenticators: true}
Session ID: b9a7711c1e8a618c30f3494c30d36c72
[INFO] 01-08-2023 01:45:11 [main] LogUtils - End testing demo.nopcommerce.com
[INFO] 01-08-2023 01:49:36 [main] LogUtils - Running test case openMenuCatalog
[ERROR] 01-08-2023 01:50:05 [main] LogUtils - Test case openMenuCatalog is failed.
[ERROR] 01-08-2023 01:50:05 [main] LogUtils - org.openqa.selenium.TimeoutException: Expected condition failed: waiting for visibility of element located by By.xpath: //div[@class='content-header']//h1 (tried for 20 second(s) with 500 milliseconds interval)
Build info: version: '4.9.0', revision: 'd7057100a6'
System info: os.name: 'Windows 10', os.arch: 'amd64', os.version: '10.0', java.version: '15.0.2'
Driver info: org.openqa.selenium.chrome.ChromeDriver
Capabilities {acceptInsecureCerts: false, browserName: chrome, browserVersion: 115.0.5790.110, chrome: {chromedriverVersion: 114.0.5735.90 (386bc09e8f4f..., userDataDir: C:\Users\Admin\AppData\Loca...}, goog:chromeOptions: {debuggerAddress: localhost:61640}, networkConnectionEnabled: false, pageLoadStrategy: normal, platformName: WINDOWS, proxy: Proxy(), se:cdp: ws://localhost:61640/devtoo..., se:cdpVersion: 115.0.5790.110, setWindowRect: true, strictFileInteractability: false, timeouts: {implicit: 0, pageLoad: 300000, script: 30000}, unhandledPromptBehavior: dismiss and notify, webauthn:extension:credBlob: true, webauthn:extension:largeBlob: true, webauthn:extension:minPinLength: true, webauthn:extension:prf: true, webauthn:virtualAuthenticators: true}
Session ID: 5442bc4218e69d4e28c710a5913284cf
[INFO] 01-08-2023 01:50:06 [main] LogUtils - End testing demo.nopcommerce.com
[INFO] 01-08-2023 01:50:34 [main] LogUtils - Running test case openMenuCatalog
[INFO] 01-08-2023 01:50:59 [main] LogUtils - Test case openMenuCatalog is passed.
[INFO] 01-08-2023 01:51:00 [main] LogUtils - End testing demo.nopcommerce.com
[INFO] 01-08-2023 01:53:17 [main] LogUtils - Running test case openMenuCatalog
[ERROR] 01-08-2023 01:53:44 [main] LogUtils - Test case openMenuCatalog is failed.
[ERROR] 01-08-2023 01:53:45 [main] LogUtils - org.openqa.selenium.TimeoutException: Expected condition failed: waiting for visibility of element located by By.xpath: //div[@class='content-header']//h1 (tried for 20 second(s) with 500 milliseconds interval)
Build info: version: '4.9.0', revision: 'd7057100a6'
System info: os.name: 'Windows 10', os.arch: 'amd64', os.version: '10.0', java.version: '15.0.2'
Driver info: org.openqa.selenium.chrome.ChromeDriver
Capabilities {acceptInsecureCerts: false, browserName: chrome, browserVersion: 115.0.5790.110, chrome: {chromedriverVersion: 114.0.5735.90 (386bc09e8f4f..., userDataDir: C:\Users\Admin\AppData\Loca...}, goog:chromeOptions: {debuggerAddress: localhost:61873}, networkConnectionEnabled: false, pageLoadStrategy: normal, platformName: WINDOWS, proxy: Proxy(), se:cdp: ws://localhost:61873/devtoo..., se:cdpVersion: 115.0.5790.110, setWindowRect: true, strictFileInteractability: false, timeouts: {implicit: 0, pageLoad: 300000, script: 30000}, unhandledPromptBehavior: dismiss and notify, webauthn:extension:credBlob: true, webauthn:extension:largeBlob: true, webauthn:extension:minPinLength: true, webauthn:extension:prf: true, webauthn:virtualAuthenticators: true}
Session ID: 2a8ebb25e471ef659037da917c8c13cc
[INFO] 01-08-2023 01:53:46 [main] LogUtils - End testing demo.nopcommerce.com
[INFO] 01-08-2023 01:55:10 [main] LogUtils - Running test case openMenuCatalog
[ERROR] 01-08-2023 01:55:38 [main] LogUtils - Test case openMenuCatalog is failed.
[ERROR] 01-08-2023 01:55:38 [main] LogUtils - org.openqa.selenium.TimeoutException: Expected condition failed: waiting for visibility of element located by By.xpath: //p[normalize-space()='Catalog'] (tried for 20 second(s) with 500 milliseconds interval)
Build info: version: '4.9.0', revision: 'd7057100a6'
System info: os.name: 'Windows 10', os.arch: 'amd64', os.version: '10.0', java.version: '15.0.2'
Driver info: org.openqa.selenium.chrome.ChromeDriver
Capabilities {acceptInsecureCerts: false, browserName: chrome, browserVersion: 115.0.5790.110, chrome: {chromedriverVersion: 114.0.5735.90 (386bc09e8f4f..., userDataDir: C:\Users\Admin\AppData\Loca...}, goog:chromeOptions: {debuggerAddress: localhost:61985}, networkConnectionEnabled: false, pageLoadStrategy: normal, platformName: WINDOWS, proxy: Proxy(), se:cdp: ws://localhost:61985/devtoo..., se:cdpVersion: 115.0.5790.110, setWindowRect: true, strictFileInteractability: false, timeouts: {implicit: 0, pageLoad: 300000, script: 30000}, unhandledPromptBehavior: dismiss and notify, webauthn:extension:credBlob: true, webauthn:extension:largeBlob: true, webauthn:extension:minPinLength: true, webauthn:extension:prf: true, webauthn:virtualAuthenticators: true}
Session ID: 860013757c6f08121e35e3a9b589494e
[INFO] 01-08-2023 01:55:39 [main] LogUtils - End testing demo.nopcommerce.com
[INFO] 01-08-2023 01:58:09 [main] LogUtils - Running test case testOpenMenuDashboad
[ERROR] 01-08-2023 01:58:12 [main] LogUtils - Test case testOpenMenuDashboad is failed.
[ERROR] 01-08-2023 01:58:12 [main] LogUtils - java.lang.AssertionError: 
[INFO] 01-08-2023 01:58:13 [main] LogUtils - End testing demo.nopcommerce.com
[INFO] 01-08-2023 01:59:19 [main] LogUtils - Running test case openMenuCatalog
[INFO] 01-08-2023 01:59:26 [main] LogUtils - Test case openMenuCatalog is passed.
[INFO] 01-08-2023 01:59:27 [main] LogUtils - End testing demo.nopcommerce.com
[INFO] 01-08-2023 02:01:55 [main] LogUtils - Running test case openMenuCatalog
[ERROR] 01-08-2023 02:02:23 [main] LogUtils - Test case openMenuCatalog is failed.
[ERROR] 01-08-2023 02:02:23 [main] LogUtils - org.openqa.selenium.TimeoutException: Expected condition failed: waiting for visibility of element located by By.xpath: //p[normalize-space()='Catalog'] (tried for 20 second(s) with 500 milliseconds interval)
Build info: version: '4.9.0', revision: 'd7057100a6'
System info: os.name: 'Windows 10', os.arch: 'amd64', os.version: '10.0', java.version: '15.0.2'
Driver info: org.openqa.selenium.chrome.ChromeDriver
Capabilities {acceptInsecureCerts: false, browserName: chrome, browserVersion: 115.0.5790.110, chrome: {chromedriverVersion: 114.0.5735.90 (386bc09e8f4f..., userDataDir: C:\Users\Admin\AppData\Loca...}, goog:chromeOptions: {debuggerAddress: localhost:62356}, networkConnectionEnabled: false, pageLoadStrategy: normal, platformName: WINDOWS, proxy: Proxy(), se:cdp: ws://localhost:62356/devtoo..., se:cdpVersion: 115.0.5790.110, setWindowRect: true, strictFileInteractability: false, timeouts: {implicit: 0, pageLoad: 300000, script: 30000}, unhandledPromptBehavior: dismiss and notify, webauthn:extension:credBlob: true, webauthn:extension:largeBlob: true, webauthn:extension:minPinLength: true, webauthn:extension:prf: true, webauthn:virtualAuthenticators: true}
Session ID: ebe8208c6b81e9627323dcfbd23ea8bf
[INFO] 01-08-2023 02:02:24 [main] LogUtils - End testing demo.nopcommerce.com
[INFO] 01-08-2023 02:07:52 [main] LogUtils - Running test case testOpenMenuDashboad
[ERROR] 01-08-2023 02:07:55 [main] LogUtils - Test case testOpenMenuDashboad is failed.
[ERROR] 01-08-2023 02:07:55 [main] LogUtils - java.lang.AssertionError: 
[INFO] 01-08-2023 02:07:57 [main] LogUtils - End testing demo.nopcommerce.com
[INFO] 01-08-2023 02:29:18 [main] LogUtils - Running test case openMenuCatalog
[ERROR] 01-08-2023 02:29:45 [main] LogUtils - Test case openMenuCatalog is failed.
[ERROR] 01-08-2023 02:29:45 [main] LogUtils - org.openqa.selenium.TimeoutException: Expected condition failed: waiting for visibility of element located by By.xpath: //div[@class='content-header']//h1 (tried for 20 second(s) with 500 milliseconds interval)
Build info: version: '4.9.0', revision: 'd7057100a6'
System info: os.name: 'Windows 10', os.arch: 'amd64', os.version: '10.0', java.version: '15.0.2'
Driver info: org.openqa.selenium.chrome.ChromeDriver
Capabilities {acceptInsecureCerts: false, browserName: chrome, browserVersion: 115.0.5790.110, chrome: {chromedriverVersion: 114.0.5735.90 (386bc09e8f4f..., userDataDir: C:\Users\Admin\AppData\Loca...}, goog:chromeOptions: {debuggerAddress: localhost:63151}, networkConnectionEnabled: false, pageLoadStrategy: normal, platformName: WINDOWS, proxy: Proxy(), se:cdp: ws://localhost:63151/devtoo..., se:cdpVersion: 115.0.5790.110, setWindowRect: true, strictFileInteractability: false, timeouts: {implicit: 0, pageLoad: 300000, script: 30000}, unhandledPromptBehavior: dismiss and notify, webauthn:extension:credBlob: true, webauthn:extension:largeBlob: true, webauthn:extension:minPinLength: true, webauthn:extension:prf: true, webauthn:virtualAuthenticators: true}
Session ID: 9c2073abd848888ca4a93df827bd8550
[INFO] 01-08-2023 02:29:46 [main] LogUtils - End testing demo.nopcommerce.com
[INFO] 01-08-2023 02:31:47 [main] LogUtils - Running test case openMenuCatalog
[INFO] 01-08-2023 02:31:59 [main] LogUtils - Test case openMenuCatalog is passed.
[INFO] 01-08-2023 02:32:00 [main] LogUtils - End testing demo.nopcommerce.com
[INFO] 01-08-2023 23:19:14 [main] LogUtils - Running test case loginUsernameNull
[INFO] 01-08-2023 23:19:21 [main] LogUtils - Test case loginUsernameNull is passed.
[INFO] 01-08-2023 23:19:22 [main] LogUtils - End testing demo.nopcommerce.com
[INFO] 01-08-2023 23:21:19 [main] LogUtils - Running test case loginUsernameNull
[ERROR] 01-08-2023 23:21:26 [main] LogUtils - Test case loginUsernameNull is failed.
[ERROR] 01-08-2023 23:21:26 [main] LogUtils - java.lang.AssertionError: Fail! expected [Please enter your email.] but found [Please enter your email]
[INFO] 01-08-2023 23:21:27 [main] LogUtils - End testing demo.nopcommerce.com
[INFO] 01-08-2023 23:40:19 [main] LogUtils - Running test case loginUsernameWrong
[ERROR] 01-08-2023 23:40:40 [main] LogUtils - Test case loginUsernameWrong is failed.
[ERROR] 01-08-2023 23:40:40 [main] LogUtils - org.openqa.selenium.TimeoutException: Expected condition failed: waiting for visibility of element located by By.xpath: //div[@class='message-error validation-summary-errors']//li (tried for 20 second(s) with 500 milliseconds interval)
Build info: version: '4.9.0', revision: 'd7057100a6'
System info: os.name: 'Windows 10', os.arch: 'amd64', os.version: '10.0', java.version: '15.0.2'
Driver info: org.openqa.selenium.chrome.ChromeDriver
Capabilities {acceptInsecureCerts: false, browserName: chrome, browserVersion: 115.0.5790.110, chrome: {chromedriverVersion: 114.0.5735.90 (386bc09e8f4f..., userDataDir: C:\Users\Admin\AppData\Loca...}, goog:chromeOptions: {debuggerAddress: localhost:50369}, networkConnectionEnabled: false, pageLoadStrategy: normal, platformName: WINDOWS, proxy: Proxy(), se:cdp: ws://localhost:50369/devtoo..., se:cdpVersion: 115.0.5790.110, setWindowRect: true, strictFileInteractability: false, timeouts: {implicit: 0, pageLoad: 300000, script: 30000}, unhandledPromptBehavior: dismiss and notify, webauthn:extension:credBlob: true, webauthn:extension:largeBlob: true, webauthn:extension:minPinLength: true, webauthn:extension:prf: true, webauthn:virtualAuthenticators: true}
Session ID: 75127650dac17ecfc782c4eb138da562
[INFO] 01-08-2023 23:40:41 [main] LogUtils - End testing demo.nopcommerce.com
[INFO] 01-08-2023 23:42:48 [main] LogUtils - Running test case loginUsernameWrong
[ERROR] 01-08-2023 23:42:55 [main] LogUtils - Test case loginUsernameWrong is failed.
[ERROR] 01-08-2023 23:42:55 [main] LogUtils - java.lang.AssertionError: Fail! expected [No customer account found.] but found [No customer account found]
[INFO] 01-08-2023 23:42:56 [main] LogUtils - End testing demo.nopcommerce.com
[INFO] 02-08-2023 00:00:58 [main] LogUtils - Running test case loginPasswordWrong
[ERROR] 02-08-2023 00:01:28 [main] LogUtils - Test case loginPasswordWrong is failed.
[ERROR] 02-08-2023 00:01:28 [main] LogUtils - org.openqa.selenium.TimeoutException: Expected condition failed: waiting for visibility of element located by By.xpath: //div[@class='message-error validation-summary-errors']//li (tried for 20 second(s) with 500 milliseconds interval)
Build info: version: '4.9.0', revision: 'd7057100a6'
System info: os.name: 'Windows 10', os.arch: 'amd64', os.version: '10.0', java.version: '15.0.2'
Driver info: org.openqa.selenium.chrome.ChromeDriver
Capabilities {acceptInsecureCerts: false, browserName: chrome, browserVersion: 115.0.5790.110, chrome: {chromedriverVersion: 114.0.5735.90 (386bc09e8f4f..., userDataDir: C:\Users\Admin\AppData\Loca...}, goog:chromeOptions: {debuggerAddress: localhost:51180}, networkConnectionEnabled: false, pageLoadStrategy: normal, platformName: WINDOWS, proxy: Proxy(), se:cdp: ws://localhost:51180/devtoo..., se:cdpVersion: 115.0.5790.110, setWindowRect: true, strictFileInteractability: false, timeouts: {implicit: 0, pageLoad: 300000, script: 30000}, unhandledPromptBehavior: dismiss and notify, webauthn:extension:credBlob: true, webauthn:extension:largeBlob: true, webauthn:extension:minPinLength: true, webauthn:extension:prf: true, webauthn:virtualAuthenticators: true}
Session ID: 27aab3d74d203db6da3001b239c15ac7
[INFO] 02-08-2023 00:01:29 [main] LogUtils - End testing demo.nopcommerce.com
[INFO] 02-08-2023 00:02:17 [main] LogUtils - Running test case loginPasswordWrong
[ERROR] 02-08-2023 00:02:25 [main] LogUtils - Test case loginPasswordWrong is failed.
[ERROR] 02-08-2023 00:02:25 [main] LogUtils - java.lang.AssertionError: Fail! expected [The credentials provided are incorrect.] but found [The credentials provided are incorrect]
[INFO] 02-08-2023 00:02:26 [main] LogUtils - End testing demo.nopcommerce.com
[INFO] 02-08-2023 00:17:03 [main] LogUtils - Running test case loginEmailWrongFormat
[ERROR] 02-08-2023 00:17:09 [main] LogUtils - Test case loginEmailWrongFormat is failed.
[ERROR] 02-08-2023 00:17:09 [main] LogUtils - java.lang.AssertionError: Fail! expected [Wrong email.] but found [Wrong email]
[INFO] 02-08-2023 00:17:10 [main] LogUtils - End testing demo.nopcommerce.com
[INFO] 02-08-2023 00:18:33 [TestNG-test=Login Test on Chrome-5] LogUtils - Running test case loginUsernameWrong
[INFO] 02-08-2023 00:18:33 [TestNG-test=Login Test on Chrome-1] LogUtils - Running test case loginEmailWrongFormat
[INFO] 02-08-2023 00:18:33 [TestNG-test=Login Test on Chrome-4] LogUtils - Running test case loginUsernameNull
[INFO] 02-08-2023 00:18:33 [TestNG-test=Login Test on Chrome-2] LogUtils - Running test case loginPageSuccess
[INFO] 02-08-2023 00:18:33 [TestNG-test=Login Test on Chrome-3] LogUtils - Running test case loginPasswordWrong
[ERROR] 02-08-2023 00:18:34 [TestNG-test=Login Test on Chrome-2] LogUtils - Test case loginPageSuccess is skipped.
[ERROR] 02-08-2023 00:18:34 [TestNG-test=Login Test on Chrome-2] LogUtils - org.openqa.selenium.SessionNotCreatedException: Could not start a new session. Response code 500. Message: session not created
from no such execution context: loader has changed while resolving nodes
  (Session info: chrome=115.0.5790.110) 
Host info: host: 'DESKTOP-FJ5LOAI', ip: '192.168.32.7'
Build info: version: '4.9.0', revision: 'd7057100a6'
System info: os.name: 'Windows 10', os.arch: 'amd64', os.version: '10.0', java.version: '15.0.2'
Driver info: org.openqa.selenium.chrome.ChromeDriver
Command: [null, newSession {capabilities=[Capabilities {browserName: chrome, goog:chromeOptions: {args: [--remote-allow-origins=*], extensions: []}}]}]
[INFO] 02-08-2023 00:18:41 [TestNG-test=Login Test on Chrome-4] LogUtils - Test case loginUsernameNull is passed.
[INFO] 02-08-2023 00:18:41 [TestNG-test=Login Test on Chrome-1] LogUtils - Test case loginEmailWrongFormat is passed.
[INFO] 02-08-2023 00:18:42 [TestNG-test=Login Test on Chrome-5] LogUtils - Test case loginUsernameWrong is passed.
[INFO] 02-08-2023 00:18:42 [TestNG-test=Login Test on Chrome-3] LogUtils - Test case loginPasswordWrong is passed.
[INFO] 02-08-2023 00:18:42 [main] LogUtils - End testing Login Test on Chrome
[INFO] 02-08-2023 00:20:00 [TestNG-test=Login Test on Chrome-2] LogUtils - Running test case loginPageSuccess
[INFO] 02-08-2023 00:20:00 [TestNG-test=Login Test on Chrome-1] LogUtils - Running test case loginEmailWrongFormat
[INFO] 02-08-2023 00:20:00 [TestNG-test=Login Test on Chrome-5] LogUtils - Running test case loginUsernameWrong
[INFO] 02-08-2023 00:20:00 [TestNG-test=Login Test on Chrome-3] LogUtils - Running test case loginPasswordWrong
[INFO] 02-08-2023 00:20:00 [TestNG-test=Login Test on Chrome-4] LogUtils - Running test case loginUsernameNull
[INFO] 02-08-2023 00:20:07 [TestNG-test=Login Test on Chrome-4] LogUtils - Test case loginUsernameNull is passed.
[INFO] 02-08-2023 00:20:07 [TestNG-test=Login Test on Chrome-1] LogUtils - Test case loginEmailWrongFormat is passed.
[INFO] 02-08-2023 00:20:08 [TestNG-test=Login Test on Chrome-5] LogUtils - Test case loginUsernameWrong is passed.
[INFO] 02-08-2023 00:20:08 [TestNG-test=Login Test on Chrome-3] LogUtils - Test case loginPasswordWrong is passed.
[INFO] 02-08-2023 00:20:09 [TestNG-test=Login Test on Chrome-2] LogUtils - Test case loginPageSuccess is passed.
[INFO] 02-08-2023 00:20:10 [main] LogUtils - End testing Login Test on Chrome
[INFO] 02-08-2023 22:38:59 [TestNG-test=Login Test on Chrome-4] LogUtils - Running test case loginUsernameNull
[INFO] 02-08-2023 22:38:59 [TestNG-test=Login Test on Chrome-2] LogUtils - Running test case loginPageSuccess
[INFO] 02-08-2023 22:38:59 [TestNG-test=Login Test on Chrome-3] LogUtils - Running test case loginPasswordWrong
[INFO] 02-08-2023 22:38:59 [TestNG-test=Login Test on Chrome-1] LogUtils - Running test case loginEmailWrongFormat
[INFO] 02-08-2023 22:38:59 [TestNG-test=Login Test on Chrome-5] LogUtils - Running test case loginUsernameWrong
[INFO] 02-08-2023 22:39:23 [TestNG-test=Login Test on Chrome-2] LogUtils - Test case loginPageSuccess is passed.
[INFO] 02-08-2023 22:39:23 [TestNG-test=Login Test on Chrome-4] LogUtils - Test case loginUsernameNull is passed.
[INFO] 02-08-2023 22:39:24 [TestNG-test=Login Test on Chrome-1] LogUtils - Test case loginEmailWrongFormat is passed.
[INFO] 02-08-2023 22:39:24 [TestNG-test=Login Test on Chrome-5] LogUtils - Test case loginUsernameWrong is passed.
[INFO] 02-08-2023 22:39:24 [TestNG-test=Login Test on Chrome-3] LogUtils - Test case loginPasswordWrong is passed.
[INFO] 02-08-2023 22:39:25 [main] LogUtils - End testing Login Test on Chrome
[INFO] 02-08-2023 22:39:59 [main] LogUtils - Running test case loginEmailWrongFormat
[INFO] 02-08-2023 22:40:08 [main] LogUtils - Test case loginEmailWrongFormat is passed.
[INFO] 02-08-2023 22:40:11 [main] LogUtils - Running test case loginPageSuccess
[INFO] 02-08-2023 22:40:20 [main] LogUtils - Test case loginPageSuccess is passed.
[INFO] 02-08-2023 22:40:23 [main] LogUtils - Running test case loginPasswordWrong
[INFO] 02-08-2023 22:40:30 [main] LogUtils - Test case loginPasswordWrong is passed.
[INFO] 02-08-2023 22:40:33 [main] LogUtils - Running test case loginUsernameNull
[INFO] 02-08-2023 22:40:39 [main] LogUtils - Test case loginUsernameNull is passed.
[INFO] 02-08-2023 22:40:42 [main] LogUtils - Running test case loginUsernameWrong
[INFO] 02-08-2023 22:40:48 [main] LogUtils - Test case loginUsernameWrong is passed.
[INFO] 02-08-2023 22:40:50 [main] LogUtils - End testing Login Test on Chrome
[INFO] 03-08-2023 23:53:56 [main] LogUtils - Running test case openMenuCatalog
[INFO] 03-08-2023 23:54:09 [main] LogUtils - Test case openMenuCatalog is passed.
[INFO] 03-08-2023 23:54:10 [main] LogUtils - End testing demo.nopcommerce.com
[INFO] 03-08-2023 23:55:24 [main] LogUtils - Running test case openMenuCatalog
[INFO] 03-08-2023 23:55:46 [main] LogUtils - Test case openMenuCatalog is passed.
[INFO] 03-08-2023 23:55:47 [main] LogUtils - End testing demo.nopcommerce.com
[INFO] 04-08-2023 00:50:29 [main] LogUtils - Running test case loginEmailWrongFormat
[INFO] 04-08-2023 00:50:45 [main] LogUtils - Test case loginEmailWrongFormat is passed.
[INFO] 04-08-2023 00:50:48 [main] LogUtils - Running test case loginPageSuccess
[ERROR] 04-08-2023 00:51:11 [main] LogUtils - Test case loginPageSuccess is failed.
[ERROR] 04-08-2023 00:51:11 [main] LogUtils - org.openqa.selenium.TimeoutException: Expected condition failed: waiting for visibility of element located by By.xpath: //div[@class='page-title']//h1 (tried for 20 second(s) with 500 milliseconds interval)
[ERROR] 04-08-2023 00:51:11 [main] LogUtils - Test case loginPageSuccess is failed.
[ERROR] 04-08-2023 00:51:11 [main] LogUtils - org.openqa.selenium.NoSuchWindowException: no such window: target window already closed
from unknown error: web view not found
  (Session info: chrome=115.0.5790.110)
Build info: version: '4.9.0', revision: 'd7057100a6'
System info: os.name: 'Windows 10', os.arch: 'amd64', os.version: '10.0', java.version: '15.0.2'
Driver info: org.openqa.selenium.chrome.ChromeDriver
Command: [5e9e613b504462b0ef7652f0fe9fb025, screenshot {}]
Capabilities {acceptInsecureCerts: false, browserName: chrome, browserVersion: 115.0.5790.110, chrome: {chromedriverVersion: 114.0.5735.90 (386bc09e8f4f..., userDataDir: C:\Users\Admin\AppData\Loca...}, goog:chromeOptions: {debuggerAddress: localhost:55107}, networkConnectionEnabled: false, pageLoadStrategy: normal, platformName: WINDOWS, proxy: Proxy(), se:cdp: ws://localhost:55107/devtoo..., se:cdpVersion: 115.0.5790.110, setWindowRect: true, strictFileInteractability: false, timeouts: {implicit: 0, pageLoad: 300000, script: 30000}, unhandledPromptBehavior: dismiss and notify, webauthn:extension:credBlob: true, webauthn:extension:largeBlob: true, webauthn:extension:minPinLength: true, webauthn:extension:prf: true, webauthn:virtualAuthenticators: true}
Session ID: 5e9e613b504462b0ef7652f0fe9fb025
[INFO] 04-08-2023 00:51:11 [main] LogUtils - End testing demo.nopcommerce.com
[INFO] 04-08-2023 00:52:03 [main] LogUtils - Running test case loginPageSuccess
[INFO] 04-08-2023 00:52:15 [main] LogUtils - Test case loginPageSuccess is passed.
[INFO] 04-08-2023 00:52:16 [main] LogUtils - End testing demo.nopcommerce.com
[INFO] 04-08-2023 01:14:27 [main] LogUtils - Running test case addNewCustomer
[ERROR] 04-08-2023 01:14:34 [main] LogUtils - Test case addNewCustomer is failed.
[ERROR] 04-08-2023 01:14:34 [main] LogUtils - java.lang.AssertionError: Fail! expected [Please enter your email] but found [Wrong email]
[INFO] 04-08-2023 01:14:35 [main] LogUtils - End testing demo.nopcommerce.com
[INFO] 04-08-2023 01:16:01 [main] LogUtils - Running test case addNewCustomer
[INFO] 04-08-2023 01:16:39 [main] LogUtils - Running test case addNewCustomer
[INFO] 04-08-2023 01:17:02 [main] LogUtils - Test case addNewCustomer is passed.
[INFO] 04-08-2023 01:17:03 [main] LogUtils - End testing demo.nopcommerce.com
[INFO] 04-08-2023 01:26:03 [main] LogUtils - Running test case addNewProduct
[ERROR] 04-08-2023 01:26:22 [main] LogUtils - Test case addNewProduct is failed.
[ERROR] 04-08-2023 01:26:23 [main] LogUtils - java.lang.AssertionError: expected [true] but found [false]
[INFO] 04-08-2023 01:26:24 [main] LogUtils - End testing demo.nopcommerce.com
[INFO] 04-08-2023 01:27:04 [main] LogUtils - Running test case addNewProduct
[ERROR] 04-08-2023 01:27:19 [main] LogUtils - Test case addNewProduct is failed.
[ERROR] 04-08-2023 01:27:20 [main] LogUtils - java.lang.AssertionError: expected [true] but found [false]
[INFO] 04-08-2023 01:27:21 [main] LogUtils - End testing demo.nopcommerce.com
[INFO] 04-08-2023 01:29:27 [main] LogUtils - Running test case addNewProduct
[INFO] 04-08-2023 01:29:45 [main] LogUtils - Test case addNewProduct is passed.
[INFO] 04-08-2023 01:29:46 [main] LogUtils - End testing demo.nopcommerce.com
