<?xml version="1.0" encoding="UTF-8"?>
<testsuite xmlns:xsi="http://www.w3.org/2001/XMLSchema-instance" xsi:noNamespaceSchemaLocation="https://maven.apache.org/surefire/maven-surefire-plugin/xsd/surefire-test-report-3.0.xsd" version="3.0" name="TestSuite" time="14.562" tests="1" errors="0" skipped="0" failures="1">
  <properties>
[...]
</properties>
  <testcase name="loginPageSuccess" classname="SeleniumTestNGPOM.testcases.LoginTest" time="3.671">
    <failure type="java.lang.AssertionError"><![CDATA[java.lang.AssertionError: 
	at org.testng.AssertJUnit.fail(AssertJUnit.java:65)
	at org.testng.AssertJUnit.assertTrue(AssertJUnit.java:23)
	at org.testng.AssertJUnit.assertTrue(AssertJUnit.java:33)
	at SeleniumTestNGPOM.pages.login.LoginPage.pageLoginSuccess(LoginPage.java:112)
	at SeleniumTestNGPOM.testcases.LoginTest.loginPageSuccess(LoginTest.java:78)
	at java.base/jdk.internal.reflect.NativeMethodAccessorImpl.invoke0(Native Method)
	at java.base/jdk.internal.reflect.NativeMethodAccessorImpl.invoke(NativeMethodAccessorImpl.java:64)
	at java.base/jdk.internal.reflect.DelegatingMethodAccessorImpl.invoke(DelegatingMethodAccessorImpl.java:43)
	at java.base/java.lang.reflect.Method.invoke(Method.java:564)
	at org.testng.internal.invokers.MethodInvocationHelper.invokeMethod(MethodInvocationHelper.java:139)
	at org.testng.internal.invokers.TestInvoker.invokeMethod(TestInvoker.java:677)
	at org.testng.internal.invokers.TestInvoker.invokeTestMethod(TestInvoker.java:221)
	at org.testng.internal.invokers.MethodRunner.runInSequence(MethodRunner.java:50)
	at org.testng.internal.invokers.TestInvoker$MethodInvocationAgent.invoke(TestInvoker.java:969)
	at org.testng.internal.invokers.TestInvoker.invokeTestMethods(TestInvoker.java:194)
	at org.testng.internal.invokers.TestMethodWorker.invokeTestMethods(TestMethodWorker.java:148)
	at org.testng.internal.invokers.TestMethodWorker.run(TestMethodWorker.java:128)
	at java.base/java.util.concurrent.ThreadPoolExecutor.runWorker(ThreadPoolExecutor.java:1130)
	at java.base/java.util.concurrent.ThreadPoolExecutor$Worker.run(ThreadPoolExecutor.java:630)
	at java.base/java.lang.Thread.run(Thread.java:832)
]]></failure>
    <system-out><![CDATA[Launching Chrome browser...
ERROR StatusConsoleListener File contains an invalid element or attribute "filePattern"
[INFO] 25-07-2023 00:18:35 [TestNG-test=Login Test on Chrome-1] LogUtils - Running test case loginPageSuccess
[INFO] 25-07-2023 00:18:36 [TestNG-test=Login Test on Chrome-1] LogUtils - Phúc
Mở URLhttps://crm.anhtester.com/admin/authentication
Hiển thị text element By.xpath: //h1
=> Text: Login
Set text admin@example.com on element By.xpath: //input[@id='email']
Set text 1234567 on element By.xpath: //input[@id='password']
Click on element: By.xpath: //button[normalize-space()='Login']
]]></system-out>
    <system-err><![CDATA[[main] WARN org.testng.internal.Configuration - Detected a static method [SeleniumTestNGPOM.common.BaseTest.createDriver()]. Static configuration methods can cause  unexpected behavior.
[main] WARN org.testng.internal.Configuration - Detected a static method [SeleniumTestNGPOM.common.BaseTest.closeDriver()]. Static configuration methods can cause  unexpected behavior.
[TestNG-test=Login Test on Chrome-1] INFO io.github.bonigarcia.wdm.WebDriverManager - Using chromedriver 114.0.5735.90 (resolved driver for Chrome 114)
[TestNG-test=Login Test on Chrome-1] INFO io.github.bonigarcia.wdm.WebDriverManager - Exporting webdriver.chrome.driver as C:\Users\Onlap.vn\.cache\selenium\chromedriver\win32\114.0.5735.90\chromedriver.exe
Starting ChromeDriver 114.0.5735.90 (386bc09e8f4f2e025eddae123f36f6263096ae49-refs/branch-heads/5735@{#1052}) on port 7096
Only local connections are allowed.
Please see https://chromedriver.chromium.org/security-considerations for suggestions on keeping ChromeDriver safe.
ChromeDriver was started successfully.
Jul 25, 2023 12:18:34 AM org.openqa.selenium.devtools.CdpVersionFinder findNearestMatch
WARNING: Unable to find an exact match for CDP version 114, so returning the closest version found: 112
]]></system-err>
  </testcase>
</testsuite>